mode: set
github.com/tky0065/go-starter-kit/cmd/create-go-starter/generator.go:18.46,19.16 1 1
github.com/tky0065/go-starter-kit/cmd/create-go-starter/generator.go:19.16,21.3 1 1
github.com/tky0065/go-starter-kit/cmd/create-go-starter/generator.go:23.2,23.49 1 1
github.com/tky0065/go-starter-kit/cmd/create-go-starter/generator.go:23.49,25.3 1 1
github.com/tky0065/go-starter-kit/cmd/create-go-starter/generator.go:27.2,27.12 1 1
github.com/tky0065/go-starter-kit/cmd/create-go-starter/generator.go:37.66,39.56 1 1
github.com/tky0065/go-starter-kit/cmd/create-go-starter/generator.go:39.56,41.3 1 1
github.com/tky0065/go-starter-kit/cmd/create-go-starter/generator.go:44.2,44.58 1 1
github.com/tky0065/go-starter-kit/cmd/create-go-starter/generator.go:44.58,46.3 1 1
github.com/tky0065/go-starter-kit/cmd/create-go-starter/generator.go:49.2,196.29 3 1
github.com/tky0065/go-starter-kit/cmd/create-go-starter/generator.go:196.29,198.68 1 1
github.com/tky0065/go-starter-kit/cmd/create-go-starter/generator.go:198.68,200.4 1 0
github.com/tky0065/go-starter-kit/cmd/create-go-starter/generator.go:202.3,202.77 1 1
github.com/tky0065/go-starter-kit/cmd/create-go-starter/generator.go:202.77,204.4 1 0
github.com/tky0065/go-starter-kit/cmd/create-go-starter/generator.go:208.2,209.50 2 1
github.com/tky0065/go-starter-kit/cmd/create-go-starter/generator.go:209.50,211.3 1 0
github.com/tky0065/go-starter-kit/cmd/create-go-starter/generator.go:213.2,213.12 1 1
github.com/tky0065/go-starter-kit/cmd/create-go-starter/git.go:10.28,13.2 2 1
github.com/tky0065/go-starter-kit/cmd/create-go-starter/git.go:19.44,20.23 1 1
github.com/tky0065/go-starter-kit/cmd/create-go-starter/git.go:20.23,25.3 4 0
github.com/tky0065/go-starter-kit/cmd/create-go-starter/git.go:28.2,30.53 3 1
github.com/tky0065/go-starter-kit/cmd/create-go-starter/git.go:30.53,32.3 1 1
github.com/tky0065/go-starter-kit/cmd/create-go-starter/git.go:35.2,37.53 3 1
github.com/tky0065/go-starter-kit/cmd/create-go-starter/git.go:37.53,39.3 1 0
github.com/tky0065/go-starter-kit/cmd/create-go-starter/git.go:43.2,45.53 3 1
github.com/tky0065/go-starter-kit/cmd/create-go-starter/git.go:45.53,47.3 1 0
github.com/tky0065/go-starter-kit/cmd/create-go-starter/git.go:49.2,49.12 1 1
github.com/tky0065/go-starter-kit/cmd/create-go-starter/main.go:25.31,27.2 1 1
github.com/tky0065/go-starter-kit/cmd/create-go-starter/main.go:30.29,32.2 1 1
github.com/tky0065/go-starter-kit/cmd/create-go-starter/main.go:36.45,37.48 1 1
github.com/tky0065/go-starter-kit/cmd/create-go-starter/main.go:37.48,39.3 1 1
github.com/tky0065/go-starter-kit/cmd/create-go-starter/main.go:40.2,40.12 1 1
github.com/tky0065/go-starter-kit/cmd/create-go-starter/main.go:45.55,47.48 1 1
github.com/tky0065/go-starter-kit/cmd/create-go-starter/main.go:47.48,49.3 1 1
github.com/tky0065/go-starter-kit/cmd/create-go-starter/main.go:52.2,67.62 2 1
github.com/tky0065/go-starter-kit/cmd/create-go-starter/main.go:67.62,69.3 1 1
github.com/tky0065/go-starter-kit/cmd/create-go-starter/main.go:72.2,72.34 1 1
github.com/tky0065/go-starter-kit/cmd/create-go-starter/main.go:72.34,74.63 2 1
github.com/tky0065/go-starter-kit/cmd/create-go-starter/main.go:74.63,76.4 1 0
github.com/tky0065/go-starter-kit/cmd/create-go-starter/main.go:79.2,79.12 1 1
github.com/tky0065/go-starter-kit/cmd/create-go-starter/main.go:83.44,88.59 3 1
github.com/tky0065/go-starter-kit/cmd/create-go-starter/main.go:88.59,90.3 1 1
github.com/tky0065/go-starter-kit/cmd/create-go-starter/main.go:93.2,93.44 1 1
github.com/tky0065/go-starter-kit/cmd/create-go-starter/main.go:93.44,96.3 1 1
github.com/tky0065/go-starter-kit/cmd/create-go-starter/main.go:99.2,100.16 2 1
github.com/tky0065/go-starter-kit/cmd/create-go-starter/main.go:100.16,102.3 1 1
github.com/tky0065/go-starter-kit/cmd/create-go-starter/main.go:105.2,105.61 1 1
github.com/tky0065/go-starter-kit/cmd/create-go-starter/main.go:105.61,107.3 1 1
github.com/tky0065/go-starter-kit/cmd/create-go-starter/main.go:109.2,109.12 1 1
github.com/tky0065/go-starter-kit/cmd/create-go-starter/main.go:112.13,117.22 3 0
github.com/tky0065/go-starter-kit/cmd/create-go-starter/main.go:117.22,121.3 3 0
github.com/tky0065/go-starter-kit/cmd/create-go-starter/main.go:123.2,125.11 2 0
github.com/tky0065/go-starter-kit/cmd/create-go-starter/main.go:125.11,128.3 2 0
github.com/tky0065/go-starter-kit/cmd/create-go-starter/main.go:130.2,131.19 2 0
github.com/tky0065/go-starter-kit/cmd/create-go-starter/main.go:131.19,135.3 3 0
github.com/tky0065/go-starter-kit/cmd/create-go-starter/main.go:137.2,140.41 2 0
github.com/tky0065/go-starter-kit/cmd/create-go-starter/main.go:140.41,143.3 2 0
github.com/tky0065/go-starter-kit/cmd/create-go-starter/main.go:150.36,152.57 1 1
github.com/tky0065/go-starter-kit/cmd/create-go-starter/main.go:152.57,154.3 1 1
github.com/tky0065/go-starter-kit/cmd/create-go-starter/main.go:157.2,166.60 4 1
github.com/tky0065/go-starter-kit/cmd/create-go-starter/main.go:166.60,168.3 1 1
github.com/tky0065/go-starter-kit/cmd/create-go-starter/main.go:170.2,175.71 3 1
github.com/tky0065/go-starter-kit/cmd/create-go-starter/main.go:175.71,177.3 1 0
github.com/tky0065/go-starter-kit/cmd/create-go-starter/main.go:180.2,184.49 3 1
github.com/tky0065/go-starter-kit/cmd/create-go-starter/main.go:184.49,186.3 1 0
github.com/tky0065/go-starter-kit/cmd/create-go-starter/main.go:189.2,190.49 2 1
github.com/tky0065/go-starter-kit/cmd/create-go-starter/main.go:190.49,194.3 2 0
github.com/tky0065/go-starter-kit/cmd/create-go-starter/main.go:194.8,194.29 1 1
github.com/tky0065/go-starter-kit/cmd/create-go-starter/main.go:194.29,196.3 1 1
github.com/tky0065/go-starter-kit/cmd/create-go-starter/main.go:199.2,201.12 2 1
github.com/tky0065/go-starter-kit/cmd/create-go-starter/main.go:205.46,267.2 51 1
github.com/tky0065/go-starter-kit/cmd/create-go-starter/templates.go:9.64,13.2 1 1
github.com/tky0065/go-starter-kit/cmd/create-go-starter/templates.go:16.51,36.2 1 1
github.com/tky0065/go-starter-kit/cmd/create-go-starter/templates.go:39.52,56.2 1 1
github.com/tky0065/go-starter-kit/cmd/create-go-starter/templates.go:59.56,91.2 1 1
github.com/tky0065/go-starter-kit/cmd/create-go-starter/templates.go:94.58,120.2 1 1
github.com/tky0065/go-starter-kit/cmd/create-go-starter/templates.go:123.54,179.2 1 1
github.com/tky0065/go-starter-kit/cmd/create-go-starter/templates.go:182.49,202.2 1 1
github.com/tky0065/go-starter-kit/cmd/create-go-starter/templates.go:205.55,245.2 1 1
github.com/tky0065/go-starter-kit/cmd/create-go-starter/templates.go:248.59,308.2 1 1
github.com/tky0065/go-starter-kit/cmd/create-go-starter/templates.go:311.52,606.2 1 1
github.com/tky0065/go-starter-kit/cmd/create-go-starter/templates.go:609.52,639.2 1 1
github.com/tky0065/go-starter-kit/cmd/create-go-starter/templates.go:642.54,721.2 1 1
github.com/tky0065/go-starter-kit/cmd/create-go-starter/templates.go:724.52,798.2 1 1
github.com/tky0065/go-starter-kit/cmd/create-go-starter/templates.go:801.59,825.2 1 1
github.com/tky0065/go-starter-kit/cmd/create-go-starter/templates.go:828.52,841.2 1 1
github.com/tky0065/go-starter-kit/cmd/create-go-starter/templates.go:844.59,910.2 1 1
github.com/tky0065/go-starter-kit/cmd/create-go-starter/templates.go:913.67,979.2 1 1
github.com/tky0065/go-starter-kit/cmd/create-go-starter/templates.go:982.56,1003.2 1 1
github.com/tky0065/go-starter-kit/cmd/create-go-starter/templates.go:1008.57,1050.2 1 1
github.com/tky0065/go-starter-kit/cmd/create-go-starter/templates.go:1053.56,1277.2 1 1
github.com/tky0065/go-starter-kit/cmd/create-go-starter/templates.go:1280.57,1578.2 1 1
github.com/tky0065/go-starter-kit/cmd/create-go-starter/templates_user.go:4.56,51.2 1 1
github.com/tky0065/go-starter-kit/cmd/create-go-starter/templates_user.go:54.56,56.2 1 1
github.com/tky0065/go-starter-kit/cmd/create-go-starter/templates_user.go:59.62,61.2 1 1
github.com/tky0065/go-starter-kit/cmd/create-go-starter/templates_user.go:64.60,73.2 1 1
github.com/tky0065/go-starter-kit/cmd/create-go-starter/templates_user.go:76.69,100.2 1 1
github.com/tky0065/go-starter-kit/cmd/create-go-starter/templates_user.go:103.60,243.2 1 1
github.com/tky0065/go-starter-kit/cmd/create-go-starter/templates_user.go:246.58,338.2 1 1
github.com/tky0065/go-starter-kit/cmd/create-go-starter/templates_user.go:341.68,437.2 1 1
github.com/tky0065/go-starter-kit/cmd/create-go-starter/templates_user.go:440.57,672.2 1 1
github.com/tky0065/go-starter-kit/cmd/create-go-starter/templates_user.go:675.57,861.2 1 1
github.com/tky0065/go-starter-kit/cmd/create-go-starter/templates_user.go:864.59,882.2 1 1
github.com/tky0065/go-starter-kit/cmd/create-go-starter/templates_user.go:885.57,1055.2 1 1
github.com/tky0065/go-starter-kit/cmd/create-go-starter/templates_user.go:1058.53,1186.2 1 1
github.com/tky0065/go-starter-kit/cmd/create-go-starter/templates_user.go:1189.59,1237.2 1 1
github.com/tky0065/go-starter-kit/cmd/create-go-starter/templates_user.go:1240.56,1253.2 1 1
github.com/tky0065/go-starter-kit/cmd/create-go-starter/templates_user.go:1256.62,1272.2 1 1
github.com/tky0065/go-starter-kit/cmd/create-go-starter/templates_user.go:1275.56,1291.2 1 1
github.com/tky0065/go-starter-kit/cmd/create-go-starter/templates_user.go:1294.52,1333.2 1 1
